Using pre-set license
Built from '2022.3/staging' branch; Version is '2022.3.23f1 (dbb3f7c5b5c6) revision 14398455'; Using compiler version '192829333'; Build Type 'Release'
OS: 'Windows 10  (10.0.19045) 64bit Enterprise' Language: 'es' Physical Memory: 3979 MB
BatchMode: 1, IsHumanControllingUs: 0, StartBugReporterOnCrash: 0, Is64bit: 1, IsPro: 1

COMMAND LINE ARGUMENTS:
C:\Program Files\Unity\Hub\Editor\2022.3.23f1\Editor\Unity.exe
-adb2
-batchMode
-noUpm
-name
AssetImportWorker0
-projectPath
C:/Users/Administrator/Documents/GitHub/plataforma/RPG/shaders
-logFile
Logs/AssetImportWorker0.log
-srvPort
50490
Successfully changed project path to: C:/Users/Administrator/Documents/GitHub/plataforma/RPG/shaders
C:/Users/Administrator/Documents/GitHub/plataforma/RPG/shaders
[UnityMemory] Configuration Parameters - Can be set up in boot.config
    "memorysetup-bucket-allocator-granularity=16"
    "memorysetup-bucket-allocator-bucket-count=8"
    "memorysetup-bucket-allocator-block-size=33554432"
    "memorysetup-bucket-allocator-block-count=8"
    "memorysetup-main-allocator-block-size=16777216"
    "memorysetup-thread-allocator-block-size=16777216"
    "memorysetup-gfx-main-allocator-block-size=16777216"
    "memorysetup-gfx-thread-allocator-block-size=16777216"
    "memorysetup-cache-allocator-block-size=4194304"
    "memorysetup-typetree-allocator-block-size=2097152"
    "memorysetup-profiler-bucket-allocator-granularity=16"
    "memorysetup-profiler-bucket-allocator-bucket-count=8"
    "memorysetup-profiler-bucket-allocator-block-size=33554432"
    "memorysetup-profiler-bucket-allocator-block-count=8"
    "memorysetup-profiler-allocator-block-size=16777216"
    "memorysetup-profiler-editor-allocator-block-size=1048576"
    "memorysetup-temp-allocator-size-main=16777216"
    "memorysetup-job-temp-allocator-block-size=2097152"
    "memorysetup-job-temp-allocator-block-size-background=1048576"
    "memorysetup-job-temp-allocator-reduction-small-platforms=262144"
    "memorysetup-allocator-temp-initial-block-size-main=262144"
    "memorysetup-allocator-temp-initial-block-size-worker=262144"
    "memorysetup-temp-allocator-size-background-worker=32768"
    "memorysetup-temp-allocator-size-job-worker=262144"
    "memorysetup-temp-allocator-size-preload-manager=33554432"
    "memorysetup-temp-allocator-size-nav-mesh-worker=65536"
    "memorysetup-temp-allocator-size-audio-worker=65536"
    "memorysetup-temp-allocator-size-cloud-worker=32768"
    "memorysetup-temp-allocator-size-gi-baking-worker=262144"
    "memorysetup-temp-allocator-size-gfx=262144"
Player connection [588] Host "[IP] 192.168.0.46 [Port] 0 [Flags] 2 [Guid] 1639523727 [EditorId] 1639523727 [Version] 1048832 [Id] WindowsEditor(7,KernelOS-PC) [Debug] 1 [PackageName] WindowsEditor [ProjectName] Editor" joined multi-casting on [225.0.0.222:54997]...

Player connection [588] Host "[IP] 192.168.0.46 [Port] 0 [Flags] 2 [Guid] 1639523727 [EditorId] 1639523727 [Version] 1048832 [Id] WindowsEditor(7,KernelOS-PC) [Debug] 1 [PackageName] WindowsEditor [ProjectName] Editor" joined alternative multi-casting on [225.0.0.222:34997]...

[Physics::Module] Initialized MultithreadedJobDispatcher with 1 workers.
Refreshing native plugins compatible for Editor in 5.73 ms, found 3 plugins.
Preloading 0 native plugins for Editor in 0.00 ms.
Initialize engine version: 2022.3.23f1 (dbb3f7c5b5c6)
[Subsystems] Discovering subsystems at path C:/Program Files/Unity/Hub/Editor/2022.3.23f1/Editor/Data/Resources/UnitySubsystems
[Subsystems] Discovering subsystems at path C:/Users/Administrator/Documents/GitHub/plataforma/RPG/shaders/Assets
GfxDevice: creating device client; threaded=0; jobified=0
Direct3D:
    Version:  Direct3D 11.0 [level 11.1]
    Renderer: Intel(R) HD Graphics 610 (ID=0x5902)
    Vendor:   Intel
    VRAM:     1989 MB
    Driver:   31.0.101.2125
Initialize mono
Mono path[0] = 'C:/Program Files/Unity/Hub/Editor/2022.3.23f1/Editor/Data/Managed'
Mono path[1] = 'C:/Program Files/Unity/Hub/Editor/2022.3.23f1/Editor/Data/MonoBleedingEdge/lib/mono/unityjit-win32'
Mono config path = 'C:/Program Files/Unity/Hub/Editor/2022.3.23f1/Editor/Data/MonoBleedingEdge/etc'
Using monoOptions --debugger-agent=transport=dt_socket,embedding=1,server=y,suspend=n,address=127.0.0.1:56380
Begin MonoManager ReloadAssembly
Registering precompiled unity dll's ...
Register platform support module: C:/Program Files/Unity/Hub/Editor/2022.3.23f1/Editor/Data/PlaybackEngines/WindowsStandaloneSupport/UnityEditor.WindowsStandalone.Extensions.dll
Registered in 0.004659 seconds.
- Loaded All Assemblies, in  0.455 seconds
Native extension for WindowsStandalone target not found
Mono: successfully reloaded assembly
- Finished resetting the current domain, in  0.369 seconds
Domain Reload Profiling: 824ms
	BeginReloadAssembly (142ms)
		ExecutionOrderSort (0ms)
		DisableScriptedObjects (0ms)
		BackupInstance (0ms)
		ReleaseScriptingObjects (0ms)
		CreateAndSetChildDomain (1ms)
	RebuildCommonClasses (46ms)
	RebuildNativeTypeToScriptingClass (17ms)
	initialDomainReloadingComplete (73ms)
	LoadAllAssembliesAndSetupDomain (176ms)
		LoadAssemblies (141ms)
		RebuildTransferFunctionScriptingTraits (0ms)
		AnalyzeDomain (174ms)
			TypeCache.Refresh (172ms)
				TypeCache.ScanAssembly (156ms)
			ScanForSourceGeneratedMonoScriptInfo (0ms)
			ResolveRequiredComponents (1ms)
	FinalizeReload (369ms)
		ReleaseScriptCaches (0ms)
		RebuildScriptCaches (0ms)
		SetupLoadedEditorAssemblies (291ms)
			LogAssemblyErrors (0ms)
			InitializePlatformSupportModulesInManaged (11ms)
			SetLoadedEditorAssemblies (10ms)
			RefreshPlugins (0ms)
			BeforeProcessingInitializeOnLoad (3ms)
			ProcessInitializeOnLoadAttributes (203ms)
			ProcessInitializeOnLoadMethodAttributes (64ms)
			AfterProcessingInitializeOnLoad (0ms)
			EditorAssembliesLoaded (0ms)
		ExecutionOrderSort2 (0ms)
		AwakeInstancesAfterBackupRestoration (0ms)
========================================================================
Worker process is ready to serve import requests
Begin MonoManager ReloadAssembly
- Loaded All Assemblies, in  0.787 seconds
Refreshing native plugins compatible for Editor in 2.00 ms, found 3 plugins.
Native extension for WindowsStandalone target not found
Package Manager log level set to [2]
[Package Manager] Server::EnsureServerProcessIsRunning -- launch failed, reason: Unity was launched with the -noUpm command-line argument
[Package Manager] UpmClient::Send -- Unable to send message (not connected to UPM process).
[Package Manager] Cannot connect to Unity Package Manager local server
Mono: successfully reloaded assembly
- Finished resetting the current domain, in  0.768 seconds
Domain Reload Profiling: 1555ms
	BeginReloadAssembly (181ms)
		ExecutionOrderSort (0ms)
		DisableScriptedObjects (7ms)
		BackupInstance (0ms)
		ReleaseScriptingObjects (0ms)
		CreateAndSetChildDomain (24ms)
	RebuildCommonClasses (50ms)
	RebuildNativeTypeToScriptingClass (16ms)
	initialDomainReloadingComplete (56ms)
	LoadAllAssembliesAndSetupDomain (484ms)
		LoadAssemblies (327ms)
		RebuildTransferFunctionScriptingTraits (0ms)
		AnalyzeDomain (261ms)
			TypeCache.Refresh (211ms)
				TypeCache.ScanAssembly (194ms)
			ScanForSourceGeneratedMonoScriptInfo (20ms)
			ResolveRequiredComponents (28ms)
	FinalizeReload (769ms)
		ReleaseScriptCaches (0ms)
		RebuildScriptCaches (0ms)
		SetupLoadedEditorAssemblies (563ms)
			LogAssemblyErrors (0ms)
			InitializePlatformSupportModulesInManaged (6ms)
			SetLoadedEditorAssemblies (6ms)
			RefreshPlugins (0ms)
			BeforeProcessingInitializeOnLoad (72ms)
			ProcessInitializeOnLoadAttributes (447ms)
			ProcessInitializeOnLoadMethodAttributes (28ms)
			AfterProcessingInitializeOnLoad (3ms)
			EditorAssembliesLoaded (0ms)
		ExecutionOrderSort2 (0ms)
		AwakeInstancesAfterBackupRestoration (7ms)
Launched and connected shader compiler UnityShaderCompiler.exe after 0.04 seconds
Refreshing native plugins compatible for Editor in 2.04 ms, found 3 plugins.
Preloading 0 native plugins for Editor in 0.00 ms.
Unloading 3093 Unused Serialized files (Serialized files now loaded: 0)
Unloading 32 unused Assets / (57.0 KB). Loaded Objects now: 3554.
Memory consumption went from 120.6 MB to 120.6 MB.
Total: 3.289000 ms (FindLiveObjects: 0.280700 ms CreateObjectMapping: 0.252200 ms MarkObjects: 2.640200 ms  DeleteObjects: 0.113900 ms)

AssetImportParameters requested are different than current active one (requested -> active):
  custom:container-demuxer-ogg: 62fdf1f143b41e24485cea50d1cbac27 -> 
  custom:video-decoder-ogg-theora: a1e56fd34408186e4bbccfd4996cb3dc -> 
  custom:framework-win-MediaFoundation: 216162199b28c13a410421893ffa2e32 -> 
  custom:CustomObjectIndexerAttribute: 9a22284fe3817be447336de3de66b15e -> 
  custom:scripting/monoscript/fileName/Readme.cs: 5aedf578fb2663036982fb7b05aaf325 -> 
  custom:container-demuxer-webm: 4f35f7cbe854078d1ac9338744f61a02 -> 
  custom:container-muxer-webm: aa71ff27fc2769a1b78a27578f13a17b -> 
  custom:scripting/monoscript/fileName/ReadmeEditor.cs: ff7ced1e41c1b99ddf5dfefc88f6bd50 -> 
  custom:video-decoder-webm-vp8: 9c59270c3fd7afecdb556c50c9e8de78 -> 
  custom:SearchIndexIgnoredProperties: e643bd26f0fe6173181afceb89e7c659 -> 
  custom:AudioImporter_EditorPlatform: d09bf68614088b80899f8185d706f6e7 -> 
  custom:video-encoder-webm-vp8: eb34c28f22e8b96e1ab97ce403110664 -> 
  custom:audio-decoder-ogg-vorbis: bf7c407c2cedff20999df2af8eb42d56 -> 
  custom:audio-encoder-webm-vorbis: bf7c407c2cedff20999df2af8eb42d56 -> 
========================================================================
Received Import Request.
  Time since last request: 3533.573189 seconds.
  path: Assets
  artifactKey: Guid(00000000000000001000000000000000) Importer(815301076,1909f56bfc062723c751e8b465ee728b)
Start importing Assets using Guid(00000000000000001000000000000000) Importer(815301076,1909f56bfc062723c751e8b465ee728b)  -> (artifact id: '8a4fe85251aa2e89732c359432baa2c3') in 0.002160 seconds
Number of updated asset objects reloaded before import = 0
Number of asset objects unloaded after import = 0
========================================================================
Received Import Request.
  Time since last request: 1.329691 seconds.
  path: Assets/Scenes
  artifactKey: Guid(836196f3bf226b243a57eb3c2a3f7e60) Importer(815301076,1909f56bfc062723c751e8b465ee728b)
Start importing Assets/Scenes using Guid(836196f3bf226b243a57eb3c2a3f7e60) Importer(815301076,1909f56bfc062723c751e8b465ee728b)  -> (artifact id: 'a77e998447b1a516d73c5da934829fe3') in 0.001480 seconds
Number of updated asset objects reloaded before import = 0
Number of asset objects unloaded after import = 0
========================================================================
Received Import Request.
  Time since last request: 1.080673 seconds.
  path: Assets/Scenes/SampleScene.unity
  artifactKey: Guid(9fc0d4010bbf28b4594072e72b8655ab) Importer(815301076,1909f56bfc062723c751e8b465ee728b)
Start importing Assets/Scenes/SampleScene.unity using Guid(9fc0d4010bbf28b4594072e72b8655ab) Importer(815301076,1909f56bfc062723c751e8b465ee728b)  -> (artifact id: 'a85bec50c8be757587fedfaade313866') in 0.000703 seconds
Number of updated asset objects reloaded before import = 0
Number of asset objects unloaded after import = 0
========================================================================
Received Prepare
Begin MonoManager ReloadAssembly
- Loaded All Assemblies, in 11.873 seconds
Refreshing native plugins compatible for Editor in 15.03 ms, found 3 plugins.
Native extension for WindowsStandalone target not found
[Package Manager] Server::EnsureServerProcessIsRunning -- launch failed, reason: Unity was launched with the -noUpm command-line argument
[Package Manager] UpmClient::Send -- Unable to send message (not connected to UPM process).
[Package Manager] Cannot connect to Unity Package Manager local server
Mono: successfully reloaded assembly
- Finished resetting the current domain, in 30.632 seconds
Domain Reload Profiling: 42506ms
	BeginReloadAssembly (188ms)
		ExecutionOrderSort (0ms)
		DisableScriptedObjects (8ms)
		BackupInstance (0ms)
		ReleaseScriptingObjects (0ms)
		CreateAndSetChildDomain (39ms)
	RebuildCommonClasses (45ms)
	RebuildNativeTypeToScriptingClass (15ms)
	initialDomainReloadingComplete (31ms)
	LoadAllAssembliesAndSetupDomain (11593ms)
		LoadAssemblies (10941ms)
		RebuildTransferFunctionScriptingTraits (0ms)
		AnalyzeDomain (755ms)
			TypeCache.Refresh (360ms)
				TypeCache.ScanAssembly (285ms)
			ScanForSourceGeneratedMonoScriptInfo (262ms)
			ResolveRequiredComponents (131ms)
	FinalizeReload (30633ms)
		ReleaseScriptCaches (0ms)
		RebuildScriptCaches (0ms)
		SetupLoadedEditorAssemblies (692ms)
			LogAssemblyErrors (0ms)
			InitializePlatformSupportModulesInManaged (7ms)
			SetLoadedEditorAssemblies (5ms)
			RefreshPlugins (0ms)
			BeforeProcessingInitializeOnLoad (96ms)
			ProcessInitializeOnLoadAttributes (469ms)
			ProcessInitializeOnLoadMethodAttributes (111ms)
			AfterProcessingInitializeOnLoad (4ms)
			EditorAssembliesLoaded (0ms)
		ExecutionOrderSort2 (0ms)
		AwakeInstancesAfterBackupRestoration (8ms)
Refreshing native plugins compatible for Editor in 2.46 ms, found 3 plugins.
Preloading 0 native plugins for Editor in 0.00 ms.
Unloading 4170 Unused Serialized files (Serialized files now loaded: 0)
Unloading 35 unused Assets / (0.8 MB). Loaded Objects now: 4630.
Memory consumption went from 147.8 MB to 147.0 MB.
Total: 5.289400 ms (FindLiveObjects: 0.392200 ms CreateObjectMapping: 0.347000 ms MarkObjects: 4.178400 ms  DeleteObjects: 0.370100 ms)

Prepare: number of updated asset objects reloaded= 0
AssetImportParameters requested are different than current active one (requested -> active):
  custom:container-demuxer-ogg: 62fdf1f143b41e24485cea50d1cbac27 -> 
  custom:video-decoder-ogg-theora: a1e56fd34408186e4bbccfd4996cb3dc -> 
  custom:framework-win-MediaFoundation: 216162199b28c13a410421893ffa2e32 -> 
  custom:CustomObjectIndexerAttribute: 9a22284fe3817be447336de3de66b15e -> 
  custom:scripting/monoscript/fileName/Readme.cs: 5aedf578fb2663036982fb7b05aaf325 -> 
  custom:container-demuxer-webm: 4f35f7cbe854078d1ac9338744f61a02 -> 
  custom:container-muxer-webm: aa71ff27fc2769a1b78a27578f13a17b -> 
  custom:scripting/monoscript/fileName/ReadmeEditor.cs: ff7ced1e41c1b99ddf5dfefc88f6bd50 -> 
  custom:video-decoder-webm-vp8: 9c59270c3fd7afecdb556c50c9e8de78 -> 
  custom:SearchIndexIgnoredProperties: e643bd26f0fe6173181afceb89e7c659 -> 
  custom:AudioImporter_EditorPlatform: d09bf68614088b80899f8185d706f6e7 -> 
  custom:video-encoder-webm-vp8: eb34c28f22e8b96e1ab97ce403110664 -> 
  custom:audio-decoder-ogg-vorbis: bf7c407c2cedff20999df2af8eb42d56 -> 
  custom:audio-encoder-webm-vorbis: bf7c407c2cedff20999df2af8eb42d56 -> 
========================================================================
Received Import Request.
  Time since last request: 714.781618 seconds.
  path: Assets/shaders/mercurio.shadergraph
  artifactKey: Guid(6fde9366587566547b28628f7f7e85ec) Importer(815301076,1909f56bfc062723c751e8b465ee728b)
Start importing Assets/shaders/mercurio.shadergraph using Guid(6fde9366587566547b28628f7f7e85ec) Importer(815301076,1909f56bfc062723c751e8b465ee728b)  -> (artifact id: 'c8a5cb0298def3b53e1f3b8254259b2d') in 2.235184 seconds
Number of updated asset objects reloaded before import = 0
Number of asset objects unloaded after import = 3
========================================================================
Received Import Request.
  Time since last request: 489.602192 seconds.
  path: Assets/shaders/mercurio.shadergraph
  artifactKey: Guid(6fde9366587566547b28628f7f7e85ec) Importer(815301076,1909f56bfc062723c751e8b465ee728b)
Start importing Assets/shaders/mercurio.shadergraph using Guid(6fde9366587566547b28628f7f7e85ec) Importer(815301076,1909f56bfc062723c751e8b465ee728b)  -> (artifact id: '28bed6bdf8dc0ce688bf858382eaf7ed') in 3.781102 seconds
Number of updated asset objects reloaded before import = 0
Number of asset objects unloaded after import = 3
========================================================================
Received Import Request.
  Time since last request: 39.423859 seconds.
  path: Assets/shaders/luz.mat
  artifactKey: Guid(1777e8c2bfc827f448259ad72ad576d0) Importer(815301076,1909f56bfc062723c751e8b465ee728b)
Start importing Assets/shaders/luz.mat using Guid(1777e8c2bfc827f448259ad72ad576d0) Importer(815301076,1909f56bfc062723c751e8b465ee728b)  -> (artifact id: 'c24efc811b5f6b0cc10d2bae0360abe4') in 1.889730 seconds
Number of updated asset objects reloaded before import = 0
Number of asset objects unloaded after import = 1
========================================================================
Received Import Request.
  Time since last request: 11.737797 seconds.
  path: Assets/shaders/luzbrilante.shadergraph
  artifactKey: Guid(6fde9366587566547b28628f7f7e85ec) Importer(815301076,1909f56bfc062723c751e8b465ee728b)
Start importing Assets/shaders/luzbrilante.shadergraph using Guid(6fde9366587566547b28628f7f7e85ec) Importer(815301076,1909f56bfc062723c751e8b465ee728b)  -> (artifact id: '9c2468e6487c8a0dfddb5c6c2c37bf73') in 1.814299 seconds
Number of updated asset objects reloaded before import = 0
Number of asset objects unloaded after import = 3
========================================================================
Received Import Request.
  Time since last request: 75.065797 seconds.
  path: Assets/shaders/luzBrilante.mat
  artifactKey: Guid(313fae0a36e0d99458800e1b198227b3) Importer(815301076,1909f56bfc062723c751e8b465ee728b)
Start importing Assets/shaders/luzBrilante.mat using Guid(313fae0a36e0d99458800e1b198227b3) Importer(815301076,1909f56bfc062723c751e8b465ee728b)  -> (artifact id: '27470c0a44e327c00a257e74184ff20a') in 0.150486 seconds
Number of updated asset objects reloaded before import = 0
Number of asset objects unloaded after import = 3
========================================================================
Received Import Request.
  Time since last request: 653.690412 seconds.
  path: Assets/shaders/luzBrilante.mat
  artifactKey: Guid(313fae0a36e0d99458800e1b198227b3) Importer(815301076,1909f56bfc062723c751e8b465ee728b)
Start importing Assets/shaders/luzBrilante.mat using Guid(313fae0a36e0d99458800e1b198227b3) Importer(815301076,1909f56bfc062723c751e8b465ee728b)  -> (artifact id: 'c2fe213bf1c4e3968ae998ee5d4b8ec9') in 2.534877 seconds
Number of updated asset objects reloaded before import = 0
Number of asset objects unloaded after import = 3
========================================================================
Received Import Request.
  Time since last request: 0.000117 seconds.
  path: Assets/shaders/luzbrilante.shadergraph
  artifactKey: Guid(6fde9366587566547b28628f7f7e85ec) Importer(815301076,1909f56bfc062723c751e8b465ee728b)
Start importing Assets/shaders/luzbrilante.shadergraph using Guid(6fde9366587566547b28628f7f7e85ec) Importer(815301076,1909f56bfc062723c751e8b465ee728b)  -> (artifact id: 'fae08e33009ae780f158e5910e7868aa') in 0.229278 seconds
Number of updated asset objects reloaded before import = 0
Number of asset objects unloaded after import = 3
========================================================================
Received Import Request.
  Time since last request: 348.732328 seconds.
  path: Assets/shaders/lava.shadergraph
  artifactKey: Guid(3bf9c52b1e83eca48b633678ba187d76) Importer(815301076,1909f56bfc062723c751e8b465ee728b)
Start importing Assets/shaders/lava.shadergraph using Guid(3bf9c52b1e83eca48b633678ba187d76) Importer(815301076,1909f56bfc062723c751e8b465ee728b)  -> (artifact id: '76628b7f7d2aecdb76e5557e31b06987') in 1.933711 seconds
Number of updated asset objects reloaded before import = 0
Number of asset objects unloaded after import = 3
========================================================================
Received Import Request.
  Time since last request: 17.271329 seconds.
  path: Assets/shaders/Lava.mat
  artifactKey: Guid(033986f114d6a2c469e4f6310ec1ca4f) Importer(815301076,1909f56bfc062723c751e8b465ee728b)
Start importing Assets/shaders/Lava.mat using Guid(033986f114d6a2c469e4f6310ec1ca4f) Importer(815301076,1909f56bfc062723c751e8b465ee728b)  -> (artifact id: 'cf0d2109f6814e985fe957aeba7b6770') in 0.915450 seconds
Number of updated asset objects reloaded before import = 0
Number of asset objects unloaded after import = 3
========================================================================
Received Import Request.
  Time since last request: 544.804840 seconds.
  path: Assets/shaders/Lava.mat
  artifactKey: Guid(033986f114d6a2c469e4f6310ec1ca4f) Importer(815301076,1909f56bfc062723c751e8b465ee728b)
Start importing Assets/shaders/Lava.mat using Guid(033986f114d6a2c469e4f6310ec1ca4f) Importer(815301076,1909f56bfc062723c751e8b465ee728b)  -> (artifact id: 'd91d43e56646f69de1076a1897278bcb') in 4.407227 seconds
Number of updated asset objects reloaded before import = 0
Number of asset objects unloaded after import = 3
========================================================================
Received Import Request.
  Time since last request: 0.000020 seconds.
  path: Assets/shaders/lava.shadergraph
  artifactKey: Guid(3bf9c52b1e83eca48b633678ba187d76) Importer(815301076,1909f56bfc062723c751e8b465ee728b)
Start importing Assets/shaders/lava.shadergraph using Guid(3bf9c52b1e83eca48b633678ba187d76) Importer(815301076,1909f56bfc062723c751e8b465ee728b)  -> (artifact id: 'adfbde392087e74d12e1e99b974fabb6') in 0.063420 seconds
Number of updated asset objects reloaded before import = 0
Number of asset objects unloaded after import = 3
========================================================================
Received Prepare
Begin MonoManager ReloadAssembly
- Loaded All Assemblies, in  0.532 seconds
Refreshing native plugins compatible for Editor in 5.77 ms, found 3 plugins.
Native extension for WindowsStandalone target not found
[Package Manager] Server::EnsureServerProcessIsRunning -- launch failed, reason: Unity was launched with the -noUpm command-line argument
[Package Manager] UpmClient::Send -- Unable to send message (not connected to UPM process).
[Package Manager] Cannot connect to Unity Package Manager local server
Mono: successfully reloaded assembly
- Finished resetting the current domain, in  1.271 seconds
Domain Reload Profiling: 1803ms
	BeginReloadAssembly (187ms)
		ExecutionOrderSort (0ms)
		DisableScriptedObjects (5ms)
		BackupInstance (0ms)
		ReleaseScriptingObjects (0ms)
		CreateAndSetChildDomain (42ms)
	RebuildCommonClasses (45ms)
	RebuildNativeTypeToScriptingClass (16ms)
	initialDomainReloadingComplete (32ms)
	LoadAllAssembliesAndSetupDomain (251ms)
		LoadAssemblies (333ms)
		RebuildTransferFunctionScriptingTraits (0ms)
		AnalyzeDomain (21ms)
			TypeCache.Refresh (7ms)
				TypeCache.ScanAssembly (0ms)
			ScanForSourceGeneratedMonoScriptInfo (0ms)
			ResolveRequiredComponents (13ms)
	FinalizeReload (1272ms)
		ReleaseScriptCaches (0ms)
		RebuildScriptCaches (0ms)
		SetupLoadedEditorAssemblies (574ms)
			LogAssemblyErrors (0ms)
			InitializePlatformSupportModulesInManaged (7ms)
			SetLoadedEditorAssemblies (4ms)
			RefreshPlugins (0ms)
			BeforeProcessingInitializeOnLoad (83ms)
			ProcessInitializeOnLoadAttributes (389ms)
			ProcessInitializeOnLoadMethodAttributes (88ms)
			AfterProcessingInitializeOnLoad (3ms)
			EditorAssembliesLoaded (0ms)
		ExecutionOrderSort2 (0ms)
		AwakeInstancesAfterBackupRestoration (7ms)
Refreshing native plugins compatible for Editor in 1.99 ms, found 3 plugins.
Preloading 0 native plugins for Editor in 0.00 ms.
Unloading 4172 Unused Serialized files (Serialized files now loaded: 0)
Unloading 40 unused Assets / (0.8 MB). Loaded Objects now: 4677.
Memory consumption went from 155.8 MB to 155.0 MB.
Total: 4.649800 ms (FindLiveObjects: 0.392100 ms CreateObjectMapping: 0.442000 ms MarkObjects: 3.334400 ms  DeleteObjects: 0.480000 ms)

Prepare: number of updated asset objects reloaded= 0
AssetImportParameters requested are different than current active one (requested -> active):
  custom:container-demuxer-ogg: 62fdf1f143b41e24485cea50d1cbac27 -> 
  custom:video-decoder-ogg-theora: a1e56fd34408186e4bbccfd4996cb3dc -> 
  custom:framework-win-MediaFoundation: 216162199b28c13a410421893ffa2e32 -> 
  custom:CustomObjectIndexerAttribute: 9a22284fe3817be447336de3de66b15e -> 
  custom:scripting/monoscript/fileName/Readme.cs: 5aedf578fb2663036982fb7b05aaf325 -> 
  custom:container-demuxer-webm: 4f35f7cbe854078d1ac9338744f61a02 -> 
  custom:container-muxer-webm: aa71ff27fc2769a1b78a27578f13a17b -> 
  custom:scripting/monoscript/fileName/ReadmeEditor.cs: ff7ced1e41c1b99ddf5dfefc88f6bd50 -> 
  custom:video-decoder-webm-vp8: 9c59270c3fd7afecdb556c50c9e8de78 -> 
  custom:SearchIndexIgnoredProperties: e643bd26f0fe6173181afceb89e7c659 -> 
  custom:AudioImporter_EditorPlatform: d09bf68614088b80899f8185d706f6e7 -> 
  custom:video-encoder-webm-vp8: eb34c28f22e8b96e1ab97ce403110664 -> 
  custom:audio-decoder-ogg-vorbis: bf7c407c2cedff20999df2af8eb42d56 -> 
  custom:audio-encoder-webm-vorbis: bf7c407c2cedff20999df2af8eb42d56 -> 
========================================================================
Received Import Request.
  Time since last request: 657.479554 seconds.
  path: Assets/shaders/Lava.mat
  artifactKey: Guid(033986f114d6a2c469e4f6310ec1ca4f) Importer(815301076,1909f56bfc062723c751e8b465ee728b)
Start importing Assets/shaders/Lava.mat using Guid(033986f114d6a2c469e4f6310ec1ca4f) Importer(815301076,1909f56bfc062723c751e8b465ee728b)  -> (artifact id: '4efc244bea0524d2be1d95f604f5ea60') in 0.111602 seconds
Number of updated asset objects reloaded before import = 0
Number of asset objects unloaded after import = 1
========================================================================
Received Import Request.
  Time since last request: 0.000035 seconds.
  path: Assets/shaders/luzbrilante 1.shadergraph
  artifactKey: Guid(a874da953a4a67345a67d718b455b664) Importer(815301076,1909f56bfc062723c751e8b465ee728b)
Start importing Assets/shaders/luzbrilante 1.shadergraph using Guid(a874da953a4a67345a67d718b455b664) Importer(815301076,1909f56bfc062723c751e8b465ee728b)  -> (artifact id: '46353d4186cb20300c3b54d23eabc96b') in 1.997411 seconds
Number of updated asset objects reloaded before import = 0
Number of asset objects unloaded after import = 2
========================================================================
Received Import Request.
  Time since last request: 0.000021 seconds.
  path: Assets/shaders/luzBrilante.mat
  artifactKey: Guid(313fae0a36e0d99458800e1b198227b3) Importer(815301076,1909f56bfc062723c751e8b465ee728b)
Start importing Assets/shaders/luzBrilante.mat using Guid(313fae0a36e0d99458800e1b198227b3) Importer(815301076,1909f56bfc062723c751e8b465ee728b)  -> (artifact id: 'c247523e2ac0794a748c1f8f31a01fee') in 0.007353 seconds
Number of updated asset objects reloaded before import = 0
Number of asset objects unloaded after import = 1
========================================================================
Received Import Request.
  Time since last request: 15.124654 seconds.
  path: Assets/shaders/LUminoso.mat
  artifactKey: Guid(85f4b018d9d29c340ba22240d3fa79f4) Importer(815301076,1909f56bfc062723c751e8b465ee728b)
Start importing Assets/shaders/LUminoso.mat using Guid(85f4b018d9d29c340ba22240d3fa79f4) Importer(815301076,1909f56bfc062723c751e8b465ee728b)  -> (artifact id: '840394b26998bd35dfa90a833b1be424') in 0.743440 seconds
Number of updated asset objects reloaded before import = 0
Number of asset objects unloaded after import = 2
========================================================================
Received Import Request.
  Time since last request: 43.713357 seconds.
  path: Assets/shaders/LUminoso.mat
  artifactKey: Guid(85f4b018d9d29c340ba22240d3fa79f4) Importer(815301076,1909f56bfc062723c751e8b465ee728b)
Start importing Assets/shaders/LUminoso.mat using Guid(85f4b018d9d29c340ba22240d3fa79f4) Importer(815301076,1909f56bfc062723c751e8b465ee728b)  -> (artifact id: 'f571a99b4a4b25323df291749de852b5') in 3.087229 seconds
Number of updated asset objects reloaded before import = 0
Number of asset objects unloaded after import = 2
========================================================================
Received Import Request.
  Time since last request: 0.000028 seconds.
  path: Assets/shaders/luzbrilante 1.shadergraph
  artifactKey: Guid(a874da953a4a67345a67d718b455b664) Importer(815301076,1909f56bfc062723c751e8b465ee728b)
Start importing Assets/shaders/luzbrilante 1.shadergraph using Guid(a874da953a4a67345a67d718b455b664) Importer(815301076,1909f56bfc062723c751e8b465ee728b)  -> (artifact id: '0b4df6966844294b15ab24e258e708ad') in 0.058220 seconds
Number of updated asset objects reloaded before import = 0
Number of asset objects unloaded after import = 2
========================================================================
Received Import Request.
  Time since last request: 12.945192 seconds.
  path: Assets/shaders/LUminoso.mat
  artifactKey: Guid(85f4b018d9d29c340ba22240d3fa79f4) Importer(815301076,1909f56bfc062723c751e8b465ee728b)
Start importing Assets/shaders/LUminoso.mat using Guid(85f4b018d9d29c340ba22240d3fa79f4) Importer(815301076,1909f56bfc062723c751e8b465ee728b)  -> (artifact id: '67933eae040c00d38d04cab082a4e168') in 0.629706 seconds
Number of updated asset objects reloaded before import = 0
Number of asset objects unloaded after import = 2
========================================================================
Received Import Request.
  Time since last request: 0.000073 seconds.
  path: Assets/shaders/luzbrilante 1.shadergraph
  artifactKey: Guid(a874da953a4a67345a67d718b455b664) Importer(815301076,1909f56bfc062723c751e8b465ee728b)
Start importing Assets/shaders/luzbrilante 1.shadergraph using Guid(a874da953a4a67345a67d718b455b664) Importer(815301076,1909f56bfc062723c751e8b465ee728b)  -> (artifact id: '7cbb39a6eb3da46b417487f2755a416f') in 0.061108 seconds
Number of updated asset objects reloaded before import = 0
Number of asset objects unloaded after import = 2
========================================================================
Received Import Request.
  Time since last request: 71.937220 seconds.
  path: Assets/shaders/LUminoso.mat
  artifactKey: Guid(85f4b018d9d29c340ba22240d3fa79f4) Importer(815301076,1909f56bfc062723c751e8b465ee728b)
Start importing Assets/shaders/LUminoso.mat using Guid(85f4b018d9d29c340ba22240d3fa79f4) Importer(815301076,1909f56bfc062723c751e8b465ee728b)  -> (artifact id: 'fe8bd4437dcb9616ff70f7568a075db0') in 0.700300 seconds
Number of updated asset objects reloaded before import = 0
Number of asset objects unloaded after import = 2
========================================================================
Received Import Request.
  Time since last request: 20.316236 seconds.
  path: Assets/suelo.mat
  artifactKey: Guid(07616810461d8d14eaf3d24822ad6af7) Importer(815301076,1909f56bfc062723c751e8b465ee728b)
Start importing Assets/suelo.mat using Guid(07616810461d8d14eaf3d24822ad6af7) Importer(815301076,1909f56bfc062723c751e8b465ee728b)  -> (artifact id: 'c9a626800aedc1129d25940a5b90fa93') in 0.029197 seconds
Number of updated asset objects reloaded before import = 0
Number of asset objects unloaded after import = 1
========================================================================
Received Prepare
Begin MonoManager ReloadAssembly
- Loaded All Assemblies, in  0.599 seconds
Refreshing native plugins compatible for Editor in 2.22 ms, found 3 plugins.
Native extension for WindowsStandalone target not found
[Package Manager] Server::EnsureServerProcessIsRunning -- launch failed, reason: Unity was launched with the -noUpm command-line argument
[Package Manager] UpmClient::Send -- Unable to send message (not connected to UPM process).
[Package Manager] Cannot connect to Unity Package Manager local server
Mono: successfully reloaded assembly
- Finished resetting the current domain, in  4.952 seconds
Domain Reload Profiling: 5557ms
	BeginReloadAssembly (213ms)
		ExecutionOrderSort (0ms)
		DisableScriptedObjects (6ms)
		BackupInstance (0ms)
		ReleaseScriptingObjects (0ms)
		CreateAndSetChildDomain (49ms)
	RebuildCommonClasses (52ms)
	RebuildNativeTypeToScriptingClass (18ms)
	initialDomainReloadingComplete (36ms)
	LoadAllAssembliesAndSetupDomain (279ms)
		LoadAssemblies (372ms)
		RebuildTransferFunctionScriptingTraits (0ms)
		AnalyzeDomain (23ms)
			TypeCache.Refresh (10ms)
				TypeCache.ScanAssembly (0ms)
			ScanForSourceGeneratedMonoScriptInfo (0ms)
			ResolveRequiredComponents (11ms)
	FinalizeReload (4959ms)
		ReleaseScriptCaches (0ms)
		RebuildScriptCaches (0ms)
		SetupLoadedEditorAssemblies (3304ms)
			LogAssemblyErrors (0ms)
			InitializePlatformSupportModulesInManaged (39ms)
			SetLoadedEditorAssemblies (19ms)
			RefreshPlugins (0ms)
			BeforeProcessingInitializeOnLoad (406ms)
			ProcessInitializeOnLoadAttributes (2257ms)
			ProcessInitializeOnLoadMethodAttributes (566ms)
			AfterProcessingInitializeOnLoad (17ms)
			EditorAssembliesLoaded (1ms)
		ExecutionOrderSort2 (0ms)
		AwakeInstancesAfterBackupRestoration (40ms)
Refreshing native plugins compatible for Editor in 16.01 ms, found 3 plugins.
Preloading 0 native plugins for Editor in 0.00 ms.
Unloading 4170 Unused Serialized files (Serialized files now loaded: 0)
Unloading 40 unused Assets / (0.8 MB). Loaded Objects now: 4681.
Memory consumption went from 157.6 MB to 156.9 MB.
Total: 17.028600 ms (FindLiveObjects: 0.757800 ms CreateObjectMapping: 5.147100 ms MarkObjects: 10.270000 ms  DeleteObjects: 0.851100 ms)

Prepare: number of updated asset objects reloaded= 0
AssetImportParameters requested are different than current active one (requested -> active):
  custom:container-demuxer-ogg: 62fdf1f143b41e24485cea50d1cbac27 -> 
  custom:video-decoder-ogg-theora: a1e56fd34408186e4bbccfd4996cb3dc -> 
  custom:framework-win-MediaFoundation: 216162199b28c13a410421893ffa2e32 -> 
  custom:CustomObjectIndexerAttribute: 9a22284fe3817be447336de3de66b15e -> 
  custom:scripting/monoscript/fileName/Readme.cs: 5aedf578fb2663036982fb7b05aaf325 -> 
  custom:container-demuxer-webm: 4f35f7cbe854078d1ac9338744f61a02 -> 
  custom:container-muxer-webm: aa71ff27fc2769a1b78a27578f13a17b -> 
  custom:scripting/monoscript/fileName/ReadmeEditor.cs: ff7ced1e41c1b99ddf5dfefc88f6bd50 -> 
  custom:video-decoder-webm-vp8: 9c59270c3fd7afecdb556c50c9e8de78 -> 
  custom:SearchIndexIgnoredProperties: e643bd26f0fe6173181afceb89e7c659 -> 
  custom:AudioImporter_EditorPlatform: d09bf68614088b80899f8185d706f6e7 -> 
  custom:video-encoder-webm-vp8: eb34c28f22e8b96e1ab97ce403110664 -> 
  custom:audio-decoder-ogg-vorbis: bf7c407c2cedff20999df2af8eb42d56 -> 
  custom:audio-encoder-webm-vorbis: bf7c407c2cedff20999df2af8eb42d56 -> 
========================================================================
Received Import Request.
  Time since last request: 41.403067 seconds.
  path: Assets/suelo.mat
  artifactKey: Guid(07616810461d8d14eaf3d24822ad6af7) Importer(815301076,1909f56bfc062723c751e8b465ee728b)
Start importing Assets/suelo.mat using Guid(07616810461d8d14eaf3d24822ad6af7) Importer(815301076,1909f56bfc062723c751e8b465ee728b)  -> (artifact id: '4094247098debaec6194427daf06facf') in 0.614691 seconds
Number of updated asset objects reloaded before import = 0
Number of asset objects unloaded after import = 1
